Using pre-set license
Built from '2021.3/staging' branch; Version is '2021.3.25f1 (68ef2c4f8861) revision 6876972'; Using compiler version '192829333'; Build Type 'Release'
OS: 'Windows 10  (10.0.19045) 64bit Professional' Language: 'zh' Physical Memory: 16283 MB
BatchMode: 1, IsHumanControllingUs: 0, StartBugReporterOnCrash: 0, Is64bit: 1, IsPro: 1

COMMAND LINE ARGUMENTS:
C:\Program Files\Unity\Hub\Editor\2021.3.25f1\Editor\Unity.exe
-adb2
-batchMode
-noUpm
-name
AssetImportWorker0
-projectPath
D:/User/Bryan/Unity Learn/Project-Leap/ELEC4547_unitystarter
-logFile
Logs/AssetImportWorker0.log
-srvPort
55956
Successfully changed project path to: D:/User/Bryan/Unity Learn/Project-Leap/ELEC4547_unitystarter
D:/User/Bryan/Unity Learn/Project-Leap/ELEC4547_unitystarter
[UnityMemory] Configuration Parameters - Can be set up in boot.config
    "memorysetup-bucket-allocator-granularity=16"
    "memorysetup-bucket-allocator-bucket-count=8"
    "memorysetup-bucket-allocator-block-size=33554432"
    "memorysetup-bucket-allocator-block-count=8"
    "memorysetup-main-allocator-block-size=16777216"
    "memorysetup-thread-allocator-block-size=16777216"
    "memorysetup-gfx-main-allocator-block-size=16777216"
    "memorysetup-gfx-thread-allocator-block-size=16777216"
    "memorysetup-cache-allocator-block-size=4194304"
    "memorysetup-typetree-allocator-block-size=2097152"
    "memorysetup-profiler-bucket-allocator-granularity=16"
    "memorysetup-profiler-bucket-allocator-bucket-count=8"
    "memorysetup-profiler-bucket-allocator-block-size=33554432"
    "memorysetup-profiler-bucket-allocator-block-count=8"
    "memorysetup-profiler-allocator-block-size=16777216"
    "memorysetup-profiler-editor-allocator-block-size=1048576"
    "memorysetup-temp-allocator-size-main=16777216"
    "memorysetup-job-temp-allocator-block-size=2097152"
    "memorysetup-job-temp-allocator-block-size-background=1048576"
    "memorysetup-job-temp-allocator-reduction-small-platforms=262144"
    "memorysetup-temp-allocator-size-background-worker=32768"
    "memorysetup-temp-allocator-size-job-worker=262144"
    "memorysetup-temp-allocator-size-preload-manager=33554432"
    "memorysetup-temp-allocator-size-nav-mesh-worker=65536"
    "memorysetup-temp-allocator-size-audio-worker=65536"
    "memorysetup-temp-allocator-size-cloud-worker=32768"
    "memorysetup-temp-allocator-size-gi-baking-worker=262144"
    "memorysetup-temp-allocator-size-gfx=262144"
Player connection [3020] Host "[IP] 192.168.0.220 [Port] 0 [Flags] 2 [Guid] 3424544467 [EditorId] 3424544467 [Version] 1048832 [Id] WindowsEditor(7,DESKTOP-8SQCAAA) [Debug] 1 [PackageName] WindowsEditor [ProjectName] Editor" joined multi-casting on [225.0.0.222:54997]...

Player connection [3020] Host "[IP] 192.168.0.220 [Port] 0 [Flags] 2 [Guid] 3424544467 [EditorId] 3424544467 [Version] 1048832 [Id] WindowsEditor(7,DESKTOP-8SQCAAA) [Debug] 1 [PackageName] WindowsEditor [ProjectName] Editor" joined alternative multi-casting on [225.0.0.222:34997]...

Refreshing native plugins compatible for Editor in 43.40 ms, found 4 plugins.
Preloading 0 native plugins for Editor in 0.00 ms.
Initialize engine version: 2021.3.25f1 (68ef2c4f8861)
[Subsystems] Discovering subsystems at path C:/Program Files/Unity/Hub/Editor/2021.3.25f1/Editor/Data/Resources/UnitySubsystems
[Subsystems] Discovering subsystems at path D:/User/Bryan/Unity Learn/Project-Leap/ELEC4547_unitystarter/Assets
GfxDevice: creating device client; threaded=0; jobified=0
Direct3D:
    Version:  Direct3D 11.0 [level 11.1]
    Renderer: NVIDIA GeForce GTX 1070 (ID=0x1b81)
    Vendor:   NVIDIA
    VRAM:     8081 MB
    Driver:   31.0.15.3161
Initialize mono
Mono path[0] = 'C:/Program Files/Unity/Hub/Editor/2021.3.25f1/Editor/Data/Managed'
Mono path[1] = 'C:/Program Files/Unity/Hub/Editor/2021.3.25f1/Editor/Data/MonoBleedingEdge/lib/mono/unityjit-win32'
Mono config path = 'C:/Program Files/Unity/Hub/Editor/2021.3.25f1/Editor/Data/MonoBleedingEdge/etc'
Using monoOptions --debugger-agent=transport=dt_socket,embedding=1,server=y,suspend=n,address=127.0.0.1:56228
Begin MonoManager ReloadAssembly
Registering precompiled unity dll's ...
Register platform support module: C:/Program Files/Unity/Hub/Editor/2021.3.25f1/Editor/Data/PlaybackEngines/AndroidPlayer/UnityEditor.Android.Extensions.dll
Register platform support module: C:/Program Files/Unity/Hub/Editor/2021.3.25f1/Editor/Data/PlaybackEngines/WindowsStandaloneSupport/UnityEditor.WindowsStandalone.Extensions.dll
Registered in 0.010944 seconds.
Native extension for WindowsStandalone target not found
Native extension for Android target not found
Android Extension - Scanning For ADB Devices 317 ms
Refreshing native plugins compatible for Editor in 33.62 ms, found 4 plugins.
Preloading 0 native plugins for Editor in 0.00 ms.
Mono: successfully reloaded assembly
- Completed reload, in  0.932 seconds
Domain Reload Profiling:
	ReloadAssembly (932ms)
		BeginReloadAssembly (89ms)
			ExecutionOrderSort (0ms)
			DisableScriptedObjects (0ms)
			BackupInstance (0ms)
			ReleaseScriptingObjects (0ms)
			CreateAndSetChildDomain (1ms)
		EndReloadAssembly (741ms)
			LoadAssemblies (86ms)
			RebuildTransferFunctionScriptingTraits (0ms)
			SetupTypeCache (101ms)
			ReleaseScriptCaches (0ms)
			RebuildScriptCaches (26ms)
			SetupLoadedEditorAssemblies (566ms)
				LogAssemblyErrors (0ms)
				InitializePlatformSupportModulesInManaged (404ms)
				SetLoadedEditorAssemblies (0ms)
				RefreshPlugins (34ms)
				BeforeProcessingInitializeOnLoad (1ms)
				ProcessInitializeOnLoadAttributes (83ms)
				ProcessInitializeOnLoadMethodAttributes (43ms)
				AfterProcessingInitializeOnLoad (0ms)
				EditorAssembliesLoaded (0ms)
			ExecutionOrderSort2 (0ms)
			AwakeInstancesAfterBackupRestoration (0ms)
Platform modules already initialized, skipping
Registering precompiled user dll's ...
Registered in 0.005349 seconds.
Begin MonoManager ReloadAssembly
Symbol file LoadedFromMemory is not a mono symbol file
OnLevelWasLoaded was found on Cardboard
This message has been deprecated and will be removed in a later version of Unity.
Add a delegate to SceneManager.sceneLoaded instead to get notifications after scene loading has completed
Native extension for WindowsStandalone target not found
Native extension for Android target not found
Refreshing native plugins compatible for Editor in 0.57 ms, found 4 plugins.
Preloading 0 native plugins for Editor in 0.00 ms.
Mono: successfully reloaded assembly
- Completed reload, in  0.966 seconds
Domain Reload Profiling:
	ReloadAssembly (967ms)
		BeginReloadAssembly (117ms)
			ExecutionOrderSort (0ms)
			DisableScriptedObjects (5ms)
			BackupInstance (0ms)
			ReleaseScriptingObjects (0ms)
			CreateAndSetChildDomain (18ms)
		EndReloadAssembly (759ms)
			LoadAssemblies (92ms)
			RebuildTransferFunctionScriptingTraits (0ms)
			SetupTypeCache (182ms)
			ReleaseScriptCaches (0ms)
			RebuildScriptCaches (47ms)
			SetupLoadedEditorAssemblies (416ms)
				LogAssemblyErrors (0ms)
				InitializePlatformSupportModulesInManaged (20ms)
				SetLoadedEditorAssemblies (0ms)
				RefreshPlugins (1ms)
				BeforeProcessingInitializeOnLoad (78ms)
				ProcessInitializeOnLoadAttributes (187ms)
				ProcessInitializeOnLoadMethodAttributes (118ms)
				AfterProcessingInitializeOnLoad (11ms)
				EditorAssembliesLoaded (0ms)
			ExecutionOrderSort2 (0ms)
			AwakeInstancesAfterBackupRestoration (8ms)
Platform modules already initialized, skipping
========================================================================
Worker process is ready to serve import requests
Launched and connected shader compiler UnityShaderCompiler.exe after 0.04 seconds
Refreshing native plugins compatible for Editor in 0.56 ms, found 4 plugins.
Preloading 0 native plugins for Editor in 0.00 ms.
Unloading 2634 Unused Serialized files (Serialized files now loaded: 0)
Unloading 68 unused Assets / (1.5 MB). Loaded Objects now: 3069.
Memory consumption went from 119.3 MB to 117.8 MB.
Total: 5.679100 ms (FindLiveObjects: 0.217800 ms CreateObjectMapping: 0.140700 ms MarkObjects: 5.028500 ms  DeleteObjects: 0.291400 ms)

AssetImportParameters requested are different than current active one (requested -> active):
  custom:video-decoder-ogg-theora: a1e56fd34408186e4bbccfd4996cb3dc -> 
  custom:container-muxer-webm: aa71ff27fc2769a1b78a27578f13a17b -> 
  custom:container-demuxer-webm: 4f35f7cbe854078d1ac9338744f61a02 -> 
  custom:video-encoder-webm-vp8: eb34c28f22e8b96e1ab97ce403110664 -> 
  custom:audio-encoder-webm-vorbis: bf7c407c2cedff20999df2af8eb42d56 -> 
  custom:framework-win-MediaFoundation: 216162199b28c13a410421893ffa2e32 -> 
  custom:container-demuxer-ogg: 62fdf1f143b41e24485cea50d1cbac27 -> 
  custom:video-decoder-webm-vp8: 9c59270c3fd7afecdb556c50c9e8de78 -> 
  custom:audio-decoder-ogg-vorbis: bf7c407c2cedff20999df2af8eb42d56 -> 
========================================================================
Received Import Request.
  Time since last request: 10654.668479 seconds.
  path: Assets/Prefabs/Results.prefab
  artifactKey: Guid(9b3eaca02c807094ea26f8bcbc57cfc8) Importer(815301076,1909f56bfc062723c751e8b465ee728b)
Start importing Assets/Prefabs/Results.prefab using Guid(9b3eaca02c807094ea26f8bcbc57cfc8) Importer(815301076,1909f56bfc062723c751e8b465ee728b)  -> (artifact id: '374316f0d974add6abc417ae530d1ae0') in 0.072935 seconds 
========================================================================
Received Import Request.
  Time since last request: 34.649377 seconds.
  path: Assets/Prefabs/Results.prefab
  artifactKey: Guid(9b3eaca02c807094ea26f8bcbc57cfc8) Importer(815301076,1909f56bfc062723c751e8b465ee728b)
Start importing Assets/Prefabs/Results.prefab using Guid(9b3eaca02c807094ea26f8bcbc57cfc8) Importer(815301076,1909f56bfc062723c751e8b465ee728b)  -> (artifact id: 'a855c5b75d9f3a80cf72c94d47632e23') in 0.046338 seconds 
========================================================================
Received Import Request.
  Time since last request: 13.412522 seconds.
  path: Assets/Prefabs/Results.prefab
  artifactKey: Guid(9b3eaca02c807094ea26f8bcbc57cfc8) Importer(815301076,1909f56bfc062723c751e8b465ee728b)
Start importing Assets/Prefabs/Results.prefab using Guid(9b3eaca02c807094ea26f8bcbc57cfc8) Importer(815301076,1909f56bfc062723c751e8b465ee728b)  -> (artifact id: 'c91bec11d0fd461faef921f9e6105f13') in 0.028395 seconds 
========================================================================
Received Import Request.
  Time since last request: 3.077360 seconds.
  path: Assets/Prefabs/Results.prefab
  artifactKey: Guid(9b3eaca02c807094ea26f8bcbc57cfc8) Importer(815301076,1909f56bfc062723c751e8b465ee728b)
Start importing Assets/Prefabs/Results.prefab using Guid(9b3eaca02c807094ea26f8bcbc57cfc8) Importer(815301076,1909f56bfc062723c751e8b465ee728b)  -> (artifact id: 'e340dc2e96883d1cff3ae69ff472c5e9') in 0.026945 seconds 
========================================================================
Received Import Request.
  Time since last request: 7.844104 seconds.
  path: Assets/Prefabs/Results.prefab
  artifactKey: Guid(9b3eaca02c807094ea26f8bcbc57cfc8) Importer(815301076,1909f56bfc062723c751e8b465ee728b)
Start importing Assets/Prefabs/Results.prefab using Guid(9b3eaca02c807094ea26f8bcbc57cfc8) Importer(815301076,1909f56bfc062723c751e8b465ee728b)  -> (artifact id: 'b1c7175f93df52d856a3420e89cde2ff') in 0.027937 seconds 
========================================================================
Received Import Request.
  Time since last request: 4.608136 seconds.
  path: Assets/Prefabs/Results.prefab
  artifactKey: Guid(9b3eaca02c807094ea26f8bcbc57cfc8) Importer(815301076,1909f56bfc062723c751e8b465ee728b)
Start importing Assets/Prefabs/Results.prefab using Guid(9b3eaca02c807094ea26f8bcbc57cfc8) Importer(815301076,1909f56bfc062723c751e8b465ee728b)  -> (artifact id: 'c8adfa379989314a8f2664519baed03b') in 0.026032 seconds 
========================================================================
Received Import Request.
  Time since last request: 5.039730 seconds.
  path: Assets/Prefabs/Results.prefab
  artifactKey: Guid(9b3eaca02c807094ea26f8bcbc57cfc8) Importer(815301076,1909f56bfc062723c751e8b465ee728b)
Start importing Assets/Prefabs/Results.prefab using Guid(9b3eaca02c807094ea26f8bcbc57cfc8) Importer(815301076,1909f56bfc062723c751e8b465ee728b)  -> (artifact id: '854910bcc1a1f757ba59b7d5428ae9c0') in 0.029189 seconds 
========================================================================
Received Import Request.
  Time since last request: 4.808696 seconds.
  path: Assets/Prefabs/Results.prefab
  artifactKey: Guid(9b3eaca02c807094ea26f8bcbc57cfc8) Importer(815301076,1909f56bfc062723c751e8b465ee728b)
Start importing Assets/Prefabs/Results.prefab using Guid(9b3eaca02c807094ea26f8bcbc57cfc8) Importer(815301076,1909f56bfc062723c751e8b465ee728b)  -> (artifact id: 'eff57dfb43238b7023a1754235e821a5') in 0.024526 seconds 
========================================================================
Received Import Request.
  Time since last request: 3.883273 seconds.
  path: Assets/Prefabs/Results.prefab
  artifactKey: Guid(9b3eaca02c807094ea26f8bcbc57cfc8) Importer(815301076,1909f56bfc062723c751e8b465ee728b)
Start importing Assets/Prefabs/Results.prefab using Guid(9b3eaca02c807094ea26f8bcbc57cfc8) Importer(815301076,1909f56bfc062723c751e8b465ee728b)  -> (artifact id: '66da6796522f126f5eed0135ffc2d56e') in 0.024269 seconds 
========================================================================
Received Import Request.
  Time since last request: 6.825597 seconds.
  path: Assets/Prefabs/Results.prefab
  artifactKey: Guid(9b3eaca02c807094ea26f8bcbc57cfc8) Importer(815301076,1909f56bfc062723c751e8b465ee728b)
Start importing Assets/Prefabs/Results.prefab using Guid(9b3eaca02c807094ea26f8bcbc57cfc8) Importer(815301076,1909f56bfc062723c751e8b465ee728b)  -> (artifact id: '9eb430c19fe7eca1fd6408e9101fe2a1') in 0.026392 seconds 
========================================================================
Received Import Request.
  Time since last request: 10.729824 seconds.
  path: Assets/Prefabs/Results.prefab
  artifactKey: Guid(9b3eaca02c807094ea26f8bcbc57cfc8) Importer(815301076,1909f56bfc062723c751e8b465ee728b)
Start importing Assets/Prefabs/Results.prefab using Guid(9b3eaca02c807094ea26f8bcbc57cfc8) Importer(815301076,1909f56bfc062723c751e8b465ee728b)  -> (artifact id: 'b9286399d36544935c87e4614a048225') in 0.028005 seconds 
========================================================================
Received Import Request.
  Time since last request: 2.778629 seconds.
  path: Assets/Prefabs/Results.prefab
  artifactKey: Guid(9b3eaca02c807094ea26f8bcbc57cfc8) Importer(815301076,1909f56bfc062723c751e8b465ee728b)
Start importing Assets/Prefabs/Results.prefab using Guid(9b3eaca02c807094ea26f8bcbc57cfc8) Importer(815301076,1909f56bfc062723c751e8b465ee728b)  -> (artifact id: '7a71232a7aacb2192724fbfb98c9f809') in 0.025996 seconds 
========================================================================
Received Import Request.
  Time since last request: 10.487957 seconds.
  path: Assets/Prefabs/Results.prefab
  artifactKey: Guid(9b3eaca02c807094ea26f8bcbc57cfc8) Importer(815301076,1909f56bfc062723c751e8b465ee728b)
Start importing Assets/Prefabs/Results.prefab using Guid(9b3eaca02c807094ea26f8bcbc57cfc8) Importer(815301076,1909f56bfc062723c751e8b465ee728b)  -> (artifact id: 'de00bc4274df5afaeff97feaac416b31') in 0.025677 seconds 
========================================================================
Received Import Request.
  Time since last request: 2.209715 seconds.
  path: Assets/Prefabs/Results.prefab
  artifactKey: Guid(9b3eaca02c807094ea26f8bcbc57cfc8) Importer(815301076,1909f56bfc062723c751e8b465ee728b)
Start importing Assets/Prefabs/Results.prefab using Guid(9b3eaca02c807094ea26f8bcbc57cfc8) Importer(815301076,1909f56bfc062723c751e8b465ee728b)  -> (artifact id: 'bc69ef08837842a7721d5a39933a2dac') in 0.022642 seconds 
========================================================================
Received Import Request.
  Time since last request: 3.236316 seconds.
  path: Assets/Prefabs/Results.prefab
  artifactKey: Guid(9b3eaca02c807094ea26f8bcbc57cfc8) Importer(815301076,1909f56bfc062723c751e8b465ee728b)
Start importing Assets/Prefabs/Results.prefab using Guid(9b3eaca02c807094ea26f8bcbc57cfc8) Importer(815301076,1909f56bfc062723c751e8b465ee728b)  -> (artifact id: '650fcbe0762f21db0e57d46e29dfbffc') in 0.027464 seconds 
========================================================================
Received Import Request.
  Time since last request: 9.838662 seconds.
  path: Assets/Prefabs/Results.prefab
  artifactKey: Guid(9b3eaca02c807094ea26f8bcbc57cfc8) Importer(815301076,1909f56bfc062723c751e8b465ee728b)
Start importing Assets/Prefabs/Results.prefab using Guid(9b3eaca02c807094ea26f8bcbc57cfc8) Importer(815301076,1909f56bfc062723c751e8b465ee728b)  -> (artifact id: '6797ad1fc6a3524d6af3662c7b477535') in 0.023596 seconds 
========================================================================
Received Import Request.
  Time since last request: 2.228618 seconds.
  path: Assets/Prefabs/Results.prefab
  artifactKey: Guid(9b3eaca02c807094ea26f8bcbc57cfc8) Importer(815301076,1909f56bfc062723c751e8b465ee728b)
Start importing Assets/Prefabs/Results.prefab using Guid(9b3eaca02c807094ea26f8bcbc57cfc8) Importer(815301076,1909f56bfc062723c751e8b465ee728b)  -> (artifact id: 'c70a12ae74ef65110a6c71979c74e4a3') in 0.024875 seconds 
========================================================================
Received Import Request.
  Time since last request: 12.282600 seconds.
  path: Assets/Prefabs/Results.prefab
  artifactKey: Guid(9b3eaca02c807094ea26f8bcbc57cfc8) Importer(815301076,1909f56bfc062723c751e8b465ee728b)
Start importing Assets/Prefabs/Results.prefab using Guid(9b3eaca02c807094ea26f8bcbc57cfc8) Importer(815301076,1909f56bfc062723c751e8b465ee728b)  -> (artifact id: 'c1b17f290295552cd1117b883a5fce49') in 0.026326 seconds 
========================================================================
Received Import Request.
  Time since last request: 12.092868 seconds.
  path: Assets/Prefabs/Results.prefab
  artifactKey: Guid(9b3eaca02c807094ea26f8bcbc57cfc8) Importer(815301076,1909f56bfc062723c751e8b465ee728b)
Start importing Assets/Prefabs/Results.prefab using Guid(9b3eaca02c807094ea26f8bcbc57cfc8) Importer(815301076,1909f56bfc062723c751e8b465ee728b)  -> (artifact id: 'd993c86e523babfba0dc4866fcbae18c') in 0.025644 seconds 
========================================================================
Received Import Request.
  Time since last request: 2.004208 seconds.
  path: Assets/Prefabs/Results.prefab
  artifactKey: Guid(9b3eaca02c807094ea26f8bcbc57cfc8) Importer(815301076,1909f56bfc062723c751e8b465ee728b)
Start importing Assets/Prefabs/Results.prefab using Guid(9b3eaca02c807094ea26f8bcbc57cfc8) Importer(815301076,1909f56bfc062723c751e8b465ee728b)  -> (artifact id: '52dcdce619fe36d3547696979d0c021f') in 0.023833 seconds 
========================================================================
Received Import Request.
  Time since last request: 11.909118 seconds.
  path: Assets/Prefabs/Results.prefab
  artifactKey: Guid(9b3eaca02c807094ea26f8bcbc57cfc8) Importer(815301076,1909f56bfc062723c751e8b465ee728b)
Start importing Assets/Prefabs/Results.prefab using Guid(9b3eaca02c807094ea26f8bcbc57cfc8) Importer(815301076,1909f56bfc062723c751e8b465ee728b)  -> (artifact id: '64a6d1e017b5ff5514de589ae18a0716') in 0.030146 seconds 
========================================================================
Received Import Request.
  Time since last request: 8.269047 seconds.
  path: Assets/Prefabs/Results.prefab
  artifactKey: Guid(9b3eaca02c807094ea26f8bcbc57cfc8) Importer(815301076,1909f56bfc062723c751e8b465ee728b)
Start importing Assets/Prefabs/Results.prefab using Guid(9b3eaca02c807094ea26f8bcbc57cfc8) Importer(815301076,1909f56bfc062723c751e8b465ee728b)  -> (artifact id: '9b84a24cf85944b5e80a5abe3a540b6d') in 0.024865 seconds 
========================================================================
Received Import Request.
  Time since last request: 16.141895 seconds.
  path: Assets/Prefabs/Results.prefab
  artifactKey: Guid(9b3eaca02c807094ea26f8bcbc57cfc8) Importer(815301076,1909f56bfc062723c751e8b465ee728b)
Start importing Assets/Prefabs/Results.prefab using Guid(9b3eaca02c807094ea26f8bcbc57cfc8) Importer(815301076,1909f56bfc062723c751e8b465ee728b)  -> (artifact id: '3aa377dfef3dbe9c28a1f1a22b9ce24e') in 0.024820 seconds 
========================================================================
Received Import Request.
  Time since last request: 4.537730 seconds.
  path: Assets/Prefabs/Results.prefab
  artifactKey: Guid(9b3eaca02c807094ea26f8bcbc57cfc8) Importer(815301076,1909f56bfc062723c751e8b465ee728b)
Start importing Assets/Prefabs/Results.prefab using Guid(9b3eaca02c807094ea26f8bcbc57cfc8) Importer(815301076,1909f56bfc062723c751e8b465ee728b)  -> (artifact id: 'abe98508d762cece556dc1e97541a89a') in 0.028612 seconds 
========================================================================
Received Import Request.
  Time since last request: 18.137945 seconds.
  path: Assets/Prefabs/Results.prefab
  artifactKey: Guid(9b3eaca02c807094ea26f8bcbc57cfc8) Importer(815301076,1909f56bfc062723c751e8b465ee728b)
Start importing Assets/Prefabs/Results.prefab using Guid(9b3eaca02c807094ea26f8bcbc57cfc8) Importer(815301076,1909f56bfc062723c751e8b465ee728b)  -> (artifact id: '4402bd8320cb966f343238932cc0bd67') in 0.026364 seconds 
========================================================================
Received Import Request.
  Time since last request: 19.804257 seconds.
  path: Assets/Prefabs/Results.prefab
  artifactKey: Guid(9b3eaca02c807094ea26f8bcbc57cfc8) Importer(815301076,1909f56bfc062723c751e8b465ee728b)
Start importing Assets/Prefabs/Results.prefab using Guid(9b3eaca02c807094ea26f8bcbc57cfc8) Importer(815301076,1909f56bfc062723c751e8b465ee728b)  -> (artifact id: '449924609f72b8416d26b8e2dd5a6bd4') in 0.029410 seconds 
========================================================================
Received Import Request.
  Time since last request: 5.620900 seconds.
  path: Assets/Prefabs/Results.prefab
  artifactKey: Guid(9b3eaca02c807094ea26f8bcbc57cfc8) Importer(815301076,1909f56bfc062723c751e8b465ee728b)
Start importing Assets/Prefabs/Results.prefab using Guid(9b3eaca02c807094ea26f8bcbc57cfc8) Importer(815301076,1909f56bfc062723c751e8b465ee728b)  -> (artifact id: 'f291b448a343eb3d6503f946cbfaf5c3') in 0.026316 seconds 
========================================================================
Received Import Request.
  Time since last request: 5.071117 seconds.
  path: Assets/Prefabs/Results.prefab
  artifactKey: Guid(9b3eaca02c807094ea26f8bcbc57cfc8) Importer(815301076,1909f56bfc062723c751e8b465ee728b)
Start importing Assets/Prefabs/Results.prefab using Guid(9b3eaca02c807094ea26f8bcbc57cfc8) Importer(815301076,1909f56bfc062723c751e8b465ee728b)  -> (artifact id: '37d9e0d1075c0af260bf3edfcb90afa4') in 0.024528 seconds 
========================================================================
Received Import Request.
  Time since last request: 17.572319 seconds.
  path: Assets/Prefabs/Results.prefab
  artifactKey: Guid(9b3eaca02c807094ea26f8bcbc57cfc8) Importer(815301076,1909f56bfc062723c751e8b465ee728b)
Start importing Assets/Prefabs/Results.prefab using Guid(9b3eaca02c807094ea26f8bcbc57cfc8) Importer(815301076,1909f56bfc062723c751e8b465ee728b)  -> (artifact id: 'eff185bb4ac1500b6c65f91b51fedbd9') in 0.025313 seconds 
========================================================================
Received Import Request.
  Time since last request: 12.045054 seconds.
  path: Assets/Prefabs/Results.prefab
  artifactKey: Guid(9b3eaca02c807094ea26f8bcbc57cfc8) Importer(815301076,1909f56bfc062723c751e8b465ee728b)
Start importing Assets/Prefabs/Results.prefab using Guid(9b3eaca02c807094ea26f8bcbc57cfc8) Importer(815301076,1909f56bfc062723c751e8b465ee728b)  -> (artifact id: '1baa024db9688df8aeb1c6d3d15ba940') in 0.027585 seconds 
========================================================================
Received Import Request.
  Time since last request: 5.157248 seconds.
  path: Assets/Prefabs/Results.prefab
  artifactKey: Guid(9b3eaca02c807094ea26f8bcbc57cfc8) Importer(815301076,1909f56bfc062723c751e8b465ee728b)
Start importing Assets/Prefabs/Results.prefab using Guid(9b3eaca02c807094ea26f8bcbc57cfc8) Importer(815301076,1909f56bfc062723c751e8b465ee728b)  -> (artifact id: 'a01044460b7a657731d874e96bf5da13') in 0.027382 seconds 
========================================================================
Received Import Request.
  Time since last request: 18.397574 seconds.
  path: Assets/Prefabs/Results.prefab
  artifactKey: Guid(9b3eaca02c807094ea26f8bcbc57cfc8) Importer(815301076,1909f56bfc062723c751e8b465ee728b)
Start importing Assets/Prefabs/Results.prefab using Guid(9b3eaca02c807094ea26f8bcbc57cfc8) Importer(815301076,1909f56bfc062723c751e8b465ee728b)  -> (artifact id: 'a28f12c3f505ba16d5a16b440c424a60') in 0.026000 seconds 
========================================================================
Received Import Request.
  Time since last request: 5.216625 seconds.
  path: Assets/Prefabs/Results.prefab
  artifactKey: Guid(9b3eaca02c807094ea26f8bcbc57cfc8) Importer(815301076,1909f56bfc062723c751e8b465ee728b)
Start importing Assets/Prefabs/Results.prefab using Guid(9b3eaca02c807094ea26f8bcbc57cfc8) Importer(815301076,1909f56bfc062723c751e8b465ee728b)  -> (artifact id: '7232b25cb93c5d37021556eb39cdd68c') in 0.024749 seconds 
========================================================================
Received Import Request.
  Time since last request: 4.364228 seconds.
  path: Assets/Prefabs/Results.prefab
  artifactKey: Guid(9b3eaca02c807094ea26f8bcbc57cfc8) Importer(815301076,1909f56bfc062723c751e8b465ee728b)
Start importing Assets/Prefabs/Results.prefab using Guid(9b3eaca02c807094ea26f8bcbc57cfc8) Importer(815301076,1909f56bfc062723c751e8b465ee728b)  -> (artifact id: '1c389f9f6d9252f63eb89e003912f05c') in 0.024318 seconds 
========================================================================
Received Import Request.
  Time since last request: 5.706053 seconds.
  path: Assets/Prefabs/Results.prefab
  artifactKey: Guid(9b3eaca02c807094ea26f8bcbc57cfc8) Importer(815301076,1909f56bfc062723c751e8b465ee728b)
Start importing Assets/Prefabs/Results.prefab using Guid(9b3eaca02c807094ea26f8bcbc57cfc8) Importer(815301076,1909f56bfc062723c751e8b465ee728b)  -> (artifact id: '69c59c7dd91d79a0090da239d27752c0') in 0.025041 seconds 
========================================================================
Received Import Request.
  Time since last request: 9.106250 seconds.
  path: Assets/Prefabs/Results.prefab
  artifactKey: Guid(9b3eaca02c807094ea26f8bcbc57cfc8) Importer(815301076,1909f56bfc062723c751e8b465ee728b)
Start importing Assets/Prefabs/Results.prefab using Guid(9b3eaca02c807094ea26f8bcbc57cfc8) Importer(815301076,1909f56bfc062723c751e8b465ee728b)  -> (artifact id: '7f3a1d2e731ef9c24e96d66ef34eaee1') in 0.024343 seconds 
========================================================================
Received Import Request.
  Time since last request: 6.399383 seconds.
  path: Assets/Prefabs/Results.prefab
  artifactKey: Guid(9b3eaca02c807094ea26f8bcbc57cfc8) Importer(815301076,1909f56bfc062723c751e8b465ee728b)
Start importing Assets/Prefabs/Results.prefab using Guid(9b3eaca02c807094ea26f8bcbc57cfc8) Importer(815301076,1909f56bfc062723c751e8b465ee728b)  -> (artifact id: 'faa3faaeae637b8efa4ee055819a0afa') in 0.023675 seconds 
========================================================================
Received Import Request.
  Time since last request: 5.454832 seconds.
  path: Assets/Prefabs/Results.prefab
  artifactKey: Guid(9b3eaca02c807094ea26f8bcbc57cfc8) Importer(815301076,1909f56bfc062723c751e8b465ee728b)
Start importing Assets/Prefabs/Results.prefab using Guid(9b3eaca02c807094ea26f8bcbc57cfc8) Importer(815301076,1909f56bfc062723c751e8b465ee728b)  -> (artifact id: '4859bff45607ec552c512233e75e25aa') in 0.026849 seconds 
========================================================================
Received Import Request.
  Time since last request: 22.683778 seconds.
  path: Assets/Prefabs/Results.prefab
  artifactKey: Guid(9b3eaca02c807094ea26f8bcbc57cfc8) Importer(815301076,1909f56bfc062723c751e8b465ee728b)
Start importing Assets/Prefabs/Results.prefab using Guid(9b3eaca02c807094ea26f8bcbc57cfc8) Importer(815301076,1909f56bfc062723c751e8b465ee728b)  -> (artifact id: '5e6ac829965c15bf7ed004efb10948f7') in 0.026219 seconds 
========================================================================
Received Import Request.
  Time since last request: 5.010063 seconds.
  path: Assets/Prefabs/Results.prefab
  artifactKey: Guid(9b3eaca02c807094ea26f8bcbc57cfc8) Importer(815301076,1909f56bfc062723c751e8b465ee728b)
Start importing Assets/Prefabs/Results.prefab using Guid(9b3eaca02c807094ea26f8bcbc57cfc8) Importer(815301076,1909f56bfc062723c751e8b465ee728b)  -> (artifact id: '60ebcb2b8bf37bf793b4cf1b95872c43') in 0.024444 seconds 
========================================================================
Received Import Request.
  Time since last request: 5.383774 seconds.
  path: Assets/Prefabs/Results.prefab
  artifactKey: Guid(9b3eaca02c807094ea26f8bcbc57cfc8) Importer(815301076,1909f56bfc062723c751e8b465ee728b)
Start importing Assets/Prefabs/Results.prefab using Guid(9b3eaca02c807094ea26f8bcbc57cfc8) Importer(815301076,1909f56bfc062723c751e8b465ee728b)  -> (artifact id: '1e995c752a311742fb9ab6d1a2a59d10') in 0.027282 seconds 
========================================================================
Received Import Request.
  Time since last request: 4.623363 seconds.
  path: Assets/Prefabs/Results.prefab
  artifactKey: Guid(9b3eaca02c807094ea26f8bcbc57cfc8) Importer(815301076,1909f56bfc062723c751e8b465ee728b)
Start importing Assets/Prefabs/Results.prefab using Guid(9b3eaca02c807094ea26f8bcbc57cfc8) Importer(815301076,1909f56bfc062723c751e8b465ee728b)  -> (artifact id: 'c35a8f319fd4e5301516b63f8dabdcd4') in 0.024359 seconds 
========================================================================
Received Import Request.
  Time since last request: 10.887747 seconds.
  path: Assets/Prefabs/Results.prefab
  artifactKey: Guid(9b3eaca02c807094ea26f8bcbc57cfc8) Importer(815301076,1909f56bfc062723c751e8b465ee728b)
Start importing Assets/Prefabs/Results.prefab using Guid(9b3eaca02c807094ea26f8bcbc57cfc8) Importer(815301076,1909f56bfc062723c751e8b465ee728b)  -> (artifact id: '9a962e7307197a791270fffbf282e1fa') in 0.023324 seconds 
========================================================================
Received Import Request.
  Time since last request: 13.909736 seconds.
  path: Assets/Prefabs/Results.prefab
  artifactKey: Guid(9b3eaca02c807094ea26f8bcbc57cfc8) Importer(815301076,1909f56bfc062723c751e8b465ee728b)
Start importing Assets/Prefabs/Results.prefab using Guid(9b3eaca02c807094ea26f8bcbc57cfc8) Importer(815301076,1909f56bfc062723c751e8b465ee728b)  -> (artifact id: '94b8f94bcaf360e4494ad1bcd805268f') in 0.024501 seconds 
========================================================================
Received Import Request.
  Time since last request: 19.117055 seconds.
  path: Assets/Prefabs/Results.prefab
  artifactKey: Guid(9b3eaca02c807094ea26f8bcbc57cfc8) Importer(815301076,1909f56bfc062723c751e8b465ee728b)
Start importing Assets/Prefabs/Results.prefab using Guid(9b3eaca02c807094ea26f8bcbc57cfc8) Importer(815301076,1909f56bfc062723c751e8b465ee728b)  -> (artifact id: '1e2104cfbd804ff7aa0aa59494408087') in 0.025369 seconds 
========================================================================
Received Import Request.
  Time since last request: 9.869342 seconds.
  path: Assets/Prefabs/Results.prefab
  artifactKey: Guid(9b3eaca02c807094ea26f8bcbc57cfc8) Importer(815301076,1909f56bfc062723c751e8b465ee728b)
Start importing Assets/Prefabs/Results.prefab using Guid(9b3eaca02c807094ea26f8bcbc57cfc8) Importer(815301076,1909f56bfc062723c751e8b465ee728b)  -> (artifact id: 'b4228c7e4b913ff3d83a09de2f1e9658') in 0.027716 seconds 
========================================================================
Received Import Request.
  Time since last request: 4.014236 seconds.
  path: Assets/Prefabs/Results.prefab
  artifactKey: Guid(9b3eaca02c807094ea26f8bcbc57cfc8) Importer(815301076,1909f56bfc062723c751e8b465ee728b)
Start importing Assets/Prefabs/Results.prefab using Guid(9b3eaca02c807094ea26f8bcbc57cfc8) Importer(815301076,1909f56bfc062723c751e8b465ee728b)  -> (artifact id: '103b4c8f68c47d2ae78ae9d6a4aeb9db') in 0.024483 seconds 
========================================================================
Received Import Request.
  Time since last request: 13.091045 seconds.
  path: Assets/Prefabs/Results.prefab
  artifactKey: Guid(9b3eaca02c807094ea26f8bcbc57cfc8) Importer(815301076,1909f56bfc062723c751e8b465ee728b)
Start importing Assets/Prefabs/Results.prefab using Guid(9b3eaca02c807094ea26f8bcbc57cfc8) Importer(815301076,1909f56bfc062723c751e8b465ee728b)  -> (artifact id: '651096007ae0aafd5755140f703cb10b') in 0.023860 seconds 
========================================================================
Received Import Request.
  Time since last request: 1.972728 seconds.
  path: Assets/Prefabs/Results.prefab
  artifactKey: Guid(9b3eaca02c807094ea26f8bcbc57cfc8) Importer(815301076,1909f56bfc062723c751e8b465ee728b)
Start importing Assets/Prefabs/Results.prefab using Guid(9b3eaca02c807094ea26f8bcbc57cfc8) Importer(815301076,1909f56bfc062723c751e8b465ee728b)  -> (artifact id: '45adfc3d56b2623284ada206c29282e3') in 0.023013 seconds 
========================================================================
Received Import Request.
  Time since last request: 59.571620 seconds.
  path: Assets/Prefabs/Results.prefab
  artifactKey: Guid(9b3eaca02c807094ea26f8bcbc57cfc8) Importer(815301076,1909f56bfc062723c751e8b465ee728b)
Start importing Assets/Prefabs/Results.prefab using Guid(9b3eaca02c807094ea26f8bcbc57cfc8) Importer(815301076,1909f56bfc062723c751e8b465ee728b)  -> (artifact id: 'bde1b47c0c4af49a01fffa399c9b0f8c') in 0.029302 seconds 
========================================================================
Received Import Request.
  Time since last request: 53.650082 seconds.
  path: Assets/Prefabs/Results.prefab
  artifactKey: Guid(9b3eaca02c807094ea26f8bcbc57cfc8) Importer(815301076,1909f56bfc062723c751e8b465ee728b)
Start importing Assets/Prefabs/Results.prefab using Guid(9b3eaca02c807094ea26f8bcbc57cfc8) Importer(815301076,1909f56bfc062723c751e8b465ee728b)  -> (artifact id: '0d12f541e634dfec31c9b5936b358add') in 0.024988 seconds 
========================================================================
Received Import Request.
  Time since last request: 2.382259 seconds.
  path: Assets/Prefabs/Results.prefab
  artifactKey: Guid(9b3eaca02c807094ea26f8bcbc57cfc8) Importer(815301076,1909f56bfc062723c751e8b465ee728b)
Start importing Assets/Prefabs/Results.prefab using Guid(9b3eaca02c807094ea26f8bcbc57cfc8) Importer(815301076,1909f56bfc062723c751e8b465ee728b)  -> (artifact id: '718cc7260fc52d0d97d9ee283b100b22') in 0.025501 seconds 
========================================================================
Received Import Request.
  Time since last request: 15.107923 seconds.
  path: Assets/Prefabs/Results.prefab
  artifactKey: Guid(9b3eaca02c807094ea26f8bcbc57cfc8) Importer(815301076,1909f56bfc062723c751e8b465ee728b)
Start importing Assets/Prefabs/Results.prefab using Guid(9b3eaca02c807094ea26f8bcbc57cfc8) Importer(815301076,1909f56bfc062723c751e8b465ee728b)  -> (artifact id: '188b9ad9f81e7bd449571ed7b1b249f0') in 0.027578 seconds 
========================================================================
Received Import Request.
  Time since last request: 32.168883 seconds.
  path: Assets/TextMesh Pro/Resources/Fonts & Materials/LiberationSans SDF - Drop Shadow.mat
  artifactKey: Guid(e73a58f6e2794ae7b1b7e50b7fb811b0) Importer(815301076,1909f56bfc062723c751e8b465ee728b)
Start importing Assets/TextMesh Pro/Resources/Fonts & Materials/LiberationSans SDF - Drop Shadow.mat using Guid(e73a58f6e2794ae7b1b7e50b7fb811b0) Importer(815301076,1909f56bfc062723c751e8b465ee728b)  -> (artifact id: '70d2839644c30a32254a842055d5c800') in 0.147666 seconds 
========================================================================
Received Import Request.
  Time since last request: 0.000023 seconds.
  path: Assets/TextMesh Pro/Resources/Fonts & Materials/LiberationSans SDF.mat
  artifactKey: Guid(ab2ec83374b34d1429cd8738701505ac) Importer(815301076,1909f56bfc062723c751e8b465ee728b)
Start importing Assets/TextMesh Pro/Resources/Fonts & Materials/LiberationSans SDF.mat using Guid(ab2ec83374b34d1429cd8738701505ac) Importer(815301076,1909f56bfc062723c751e8b465ee728b)  -> (artifact id: '489a3c9b76775190893f338977fc18e0') in 0.034226 seconds 
========================================================================
Received Import Request.
  Time since last request: 99.396835 seconds.
  path: Assets/TextMesh Pro/Resources/Fonts & Materials/LiberationSans SDF - Drop Shadow.mat
  artifactKey: Guid(e73a58f6e2794ae7b1b7e50b7fb811b0) Importer(815301076,1909f56bfc062723c751e8b465ee728b)
Start importing Assets/TextMesh Pro/Resources/Fonts & Materials/LiberationSans SDF - Drop Shadow.mat using Guid(e73a58f6e2794ae7b1b7e50b7fb811b0) Importer(815301076,1909f56bfc062723c751e8b465ee728b)  -> (artifact id: '109ad73b80ac602e2bd105e47d51566f') in 0.030410 seconds 
========================================================================
Received Import Request.
  Time since last request: 0.000022 seconds.
  path: Assets/TextMesh Pro/Resources/Fonts & Materials/LiberationSans SDF.mat
  artifactKey: Guid(ab2ec83374b34d1429cd8738701505ac) Importer(815301076,1909f56bfc062723c751e8b465ee728b)
Start importing Assets/TextMesh Pro/Resources/Fonts & Materials/LiberationSans SDF.mat using Guid(ab2ec83374b34d1429cd8738701505ac) Importer(815301076,1909f56bfc062723c751e8b465ee728b)  -> (artifact id: '5d2f48c6d02f0e4ab143bcb4a23dac39') in 0.065389 seconds 
========================================================================
Received Import Request.
  Time since last request: 9.073189 seconds.
  path: Assets/Prefabs/Results.prefab
  artifactKey: Guid(9b3eaca02c807094ea26f8bcbc57cfc8) Importer(815301076,1909f56bfc062723c751e8b465ee728b)
Start importing Assets/Prefabs/Results.prefab using Guid(9b3eaca02c807094ea26f8bcbc57cfc8) Importer(815301076,1909f56bfc062723c751e8b465ee728b)  -> (artifact id: '2630ed84841be56139c8e6853018d7c8') in 0.022208 seconds 
========================================================================
Received Prepare
Registering precompiled user dll's ...
Registered in 0.006333 seconds.
OnLevelWasLoaded was found on Cardboard
This message has been deprecated and will be removed in a later version of Unity.
Add a delegate to SceneManager.sceneLoaded instead to get notifications after scene loading has completed
Begin MonoManager ReloadAssembly
Symbol file LoadedFromMemory is not a mono symbol file
OnLevelWasLoaded was found on Cardboard
This message has been deprecated and will be removed in a later version of Unity.
Add a delegate to SceneManager.sceneLoaded instead to get notifications after scene loading has completed
Native extension for WindowsStandalone target not found
Native extension for Android target not found
Refreshing native plugins compatible for Editor in 0.59 ms, found 4 plugins.
Preloading 0 native plugins for Editor in 0.00 ms.
Mono: successfully reloaded assembly
- Completed reload, in  1.072 seconds
Domain Reload Profiling:
	ReloadAssembly (1073ms)
		BeginReloadAssembly (156ms)
			ExecutionOrderSort (0ms)
			DisableScriptedObjects (5ms)
			BackupInstance (0ms)
			ReleaseScriptingObjects (0ms)
			CreateAndSetChildDomain (41ms)
		EndReloadAssembly (812ms)
			LoadAssemblies (109ms)
			RebuildTransferFunctionScriptingTraits (0ms)
			SetupTypeCache (220ms)
			ReleaseScriptCaches (1ms)
			RebuildScriptCaches (48ms)
			SetupLoadedEditorAssemblies (419ms)
				LogAssemblyErrors (0ms)
				InitializePlatformSupportModulesInManaged (21ms)
				SetLoadedEditorAssemblies (0ms)
				RefreshPlugins (1ms)
				BeforeProcessingInitializeOnLoad (71ms)
				ProcessInitializeOnLoadAttributes (185ms)
				ProcessInitializeOnLoadMethodAttributes (129ms)
				AfterProcessingInitializeOnLoad (11ms)
				EditorAssembliesLoaded (0ms)
			ExecutionOrderSort2 (0ms)
			AwakeInstancesAfterBackupRestoration (8ms)
Platform modules already initialized, skipping
OnLevelWasLoaded was found on Cardboard
This message has been deprecated and will be removed in a later version of Unity.
Add a delegate to SceneManager.sceneLoaded instead to get notifications after scene loading has completed
Refreshing native plugins compatible for Editor in 3.19 ms, found 4 plugins.
Preloading 0 native plugins for Editor in 0.00 ms.
Unloading 2579 Unused Serialized files (Serialized files now loaded: 0)
Unloading 58 unused Assets / (1.2 MB). Loaded Objects now: 3114.
Memory consumption went from 113.9 MB to 112.6 MB.
Total: 5.097300 ms (FindLiveObjects: 0.220400 ms CreateObjectMapping: 0.096100 ms MarkObjects: 4.592100 ms  DeleteObjects: 0.188100 ms)

AssetImportParameters requested are different than current active one (requested -> active):
  custom:video-decoder-ogg-theora: a1e56fd34408186e4bbccfd4996cb3dc -> 
  custom:container-muxer-webm: aa71ff27fc2769a1b78a27578f13a17b -> 
  custom:container-demuxer-webm: 4f35f7cbe854078d1ac9338744f61a02 -> 
  custom:video-encoder-webm-vp8: eb34c28f22e8b96e1ab97ce403110664 -> 
  custom:audio-encoder-webm-vorbis: bf7c407c2cedff20999df2af8eb42d56 -> 
  custom:framework-win-MediaFoundation: 216162199b28c13a410421893ffa2e32 -> 
  custom:container-demuxer-ogg: 62fdf1f143b41e24485cea50d1cbac27 -> 
  custom:video-decoder-webm-vp8: 9c59270c3fd7afecdb556c50c9e8de78 -> 
  custom:audio-decoder-ogg-vorbis: bf7c407c2cedff20999df2af8eb42d56 -> 
========================================================================
Received Prepare
Registering precompiled user dll's ...
Registered in 0.007562 seconds.
OnLevelWasLoaded was found on Cardboard
This message has been deprecated and will be removed in a later version of Unity.
Add a delegate to SceneManager.sceneLoaded instead to get notifications after scene loading has completed
Begin MonoManager ReloadAssembly
Symbol file LoadedFromMemory is not a mono symbol file
OnLevelWasLoaded was found on Cardboard
This message has been deprecated and will be removed in a later version of Unity.
Add a delegate to SceneManager.sceneLoaded instead to get notifications after scene loading has completed
Native extension for WindowsStandalone target not found
Native extension for Android target not found
Refreshing native plugins compatible for Editor in 0.58 ms, found 4 plugins.
Preloading 0 native plugins for Editor in 0.00 ms.
Mono: successfully reloaded assembly
- Completed reload, in  1.122 seconds
Domain Reload Profiling:
	ReloadAssembly (1122ms)
		BeginReloadAssembly (160ms)
			ExecutionOrderSort (0ms)
			DisableScriptedObjects (6ms)
			BackupInstance (0ms)
			ReleaseScriptingObjects (0ms)
			CreateAndSetChildDomain (34ms)
		EndReloadAssembly (865ms)
			LoadAssemblies (116ms)
			RebuildTransferFunctionScriptingTraits (0ms)
			SetupTypeCache (249ms)
			ReleaseScriptCaches (2ms)
			RebuildScriptCaches (56ms)
			SetupLoadedEditorAssemblies (425ms)
				LogAssemblyErrors (0ms)
				InitializePlatformSupportModulesInManaged (26ms)
				SetLoadedEditorAssemblies (0ms)
				RefreshPlugins (1ms)
				BeforeProcessingInitializeOnLoad (82ms)
				ProcessInitializeOnLoadAttributes (189ms)
				ProcessInitializeOnLoadMethodAttributes (116ms)
				AfterProcessingInitializeOnLoad (11ms)
				EditorAssembliesLoaded (0ms)
			ExecutionOrderSort2 (0ms)
			AwakeInstancesAfterBackupRestoration (10ms)
Platform modules already initialized, skipping
OnLevelWasLoaded was found on Cardboard
This message has been deprecated and will be removed in a later version of Unity.
Add a delegate to SceneManager.sceneLoaded instead to get notifications after scene loading has completed
Refreshing native plugins compatible for Editor in 4.45 ms, found 4 plugins.
Preloading 0 native plugins for Editor in 0.00 ms.
Unloading 2579 Unused Serialized files (Serialized files now loaded: 0)
Unloading 57 unused Assets / (1.2 MB). Loaded Objects now: 3117.
Memory consumption went from 113.9 MB to 112.6 MB.
Total: 5.506700 ms (FindLiveObjects: 0.205500 ms CreateObjectMapping: 0.104900 ms MarkObjects: 5.006200 ms  DeleteObjects: 0.189300 ms)

AssetImportParameters requested are different than current active one (requested -> active):
  custom:video-decoder-ogg-theora: a1e56fd34408186e4bbccfd4996cb3dc -> 
  custom:container-muxer-webm: aa71ff27fc2769a1b78a27578f13a17b -> 
  custom:container-demuxer-webm: 4f35f7cbe854078d1ac9338744f61a02 -> 
  custom:video-encoder-webm-vp8: eb34c28f22e8b96e1ab97ce403110664 -> 
  custom:audio-encoder-webm-vorbis: bf7c407c2cedff20999df2af8eb42d56 -> 
  custom:framework-win-MediaFoundation: 216162199b28c13a410421893ffa2e32 -> 
  custom:container-demuxer-ogg: 62fdf1f143b41e24485cea50d1cbac27 -> 
  custom:video-decoder-webm-vp8: 9c59270c3fd7afecdb556c50c9e8de78 -> 
  custom:audio-decoder-ogg-vorbis: bf7c407c2cedff20999df2af8eb42d56 -> 
========================================================================
Received Prepare
Registering precompiled user dll's ...
Registered in 0.006998 seconds.
OnLevelWasLoaded was found on Cardboard
This message has been deprecated and will be removed in a later version of Unity.
Add a delegate to SceneManager.sceneLoaded instead to get notifications after scene loading has completed
Begin MonoManager ReloadAssembly
Symbol file LoadedFromMemory is not a mono symbol file
OnLevelWasLoaded was found on Cardboard
This message has been deprecated and will be removed in a later version of Unity.
Add a delegate to SceneManager.sceneLoaded instead to get notifications after scene loading has completed
Native extension for WindowsStandalone target not found
Native extension for Android target not found
Refreshing native plugins compatible for Editor in 1.26 ms, found 4 plugins.
Preloading 0 native plugins for Editor in 0.00 ms.
Mono: successfully reloaded assembly
- Completed reload, in  1.214 seconds
Domain Reload Profiling:
	ReloadAssembly (1215ms)
		BeginReloadAssembly (152ms)
			ExecutionOrderSort (0ms)
			DisableScriptedObjects (6ms)
			BackupInstance (0ms)
			ReleaseScriptingObjects (0ms)
			CreateAndSetChildDomain (37ms)
		EndReloadAssembly (955ms)
			LoadAssemblies (116ms)
			RebuildTransferFunctionScriptingTraits (0ms)
			SetupTypeCache (228ms)
			ReleaseScriptCaches (2ms)
			RebuildScriptCaches (76ms)
			SetupLoadedEditorAssemblies (492ms)
				LogAssemblyErrors (0ms)
				InitializePlatformSupportModulesInManaged (32ms)
				SetLoadedEditorAssemblies (1ms)
				RefreshPlugins (1ms)
				BeforeProcessingInitializeOnLoad (92ms)
				ProcessInitializeOnLoadAttributes (210ms)
				ProcessInitializeOnLoadMethodAttributes (142ms)
				AfterProcessingInitializeOnLoad (13ms)
				EditorAssembliesLoaded (0ms)
			ExecutionOrderSort2 (0ms)
			AwakeInstancesAfterBackupRestoration (9ms)
Platform modules already initialized, skipping
OnLevelWasLoaded was found on Cardboard
This message has been deprecated and will be removed in a later version of Unity.
Add a delegate to SceneManager.sceneLoaded instead to get notifications after scene loading has completed
Refreshing native plugins compatible for Editor in 4.69 ms, found 4 plugins.
Preloading 0 native plugins for Editor in 0.00 ms.
Unloading 2579 Unused Serialized files (Serialized files now loaded: 0)
Unloading 57 unused Assets / (1.2 MB). Loaded Objects now: 3120.
Memory consumption went from 113.9 MB to 112.6 MB.
Total: 5.259900 ms (FindLiveObjects: 0.221800 ms CreateObjectMapping: 0.152400 ms MarkObjects: 4.621100 ms  DeleteObjects: 0.263600 ms)

AssetImportParameters requested are different than current active one (requested -> active):
  custom:video-decoder-ogg-theora: a1e56fd34408186e4bbccfd4996cb3dc -> 
  custom:container-muxer-webm: aa71ff27fc2769a1b78a27578f13a17b -> 
  custom:container-demuxer-webm: 4f35f7cbe854078d1ac9338744f61a02 -> 
  custom:video-encoder-webm-vp8: eb34c28f22e8b96e1ab97ce403110664 -> 
  custom:audio-encoder-webm-vorbis: bf7c407c2cedff20999df2af8eb42d56 -> 
  custom:framework-win-MediaFoundation: 216162199b28c13a410421893ffa2e32 -> 
  custom:container-demuxer-ogg: 62fdf1f143b41e24485cea50d1cbac27 -> 
  custom:video-decoder-webm-vp8: 9c59270c3fd7afecdb556c50c9e8de78 -> 
  custom:audio-decoder-ogg-vorbis: bf7c407c2cedff20999df2af8eb42d56 -> 
========================================================================
Received Prepare
Registering precompiled user dll's ...
Registered in 0.006692 seconds.
OnLevelWasLoaded was found on Cardboard
This message has been deprecated and will be removed in a later version of Unity.
Add a delegate to SceneManager.sceneLoaded instead to get notifications after scene loading has completed
Begin MonoManager ReloadAssembly
Symbol file LoadedFromMemory is not a mono symbol file
OnLevelWasLoaded was found on Cardboard
This message has been deprecated and will be removed in a later version of Unity.
Add a delegate to SceneManager.sceneLoaded instead to get notifications after scene loading has completed
Native extension for WindowsStandalone target not found
Native extension for Android target not found
Refreshing native plugins compatible for Editor in 1.14 ms, found 4 plugins.
Preloading 0 native plugins for Editor in 0.00 ms.
Mono: successfully reloaded assembly
- Completed reload, in  1.210 seconds
Domain Reload Profiling:
	ReloadAssembly (1211ms)
		BeginReloadAssembly (163ms)
			ExecutionOrderSort (0ms)
			DisableScriptedObjects (6ms)
			BackupInstance (0ms)
			ReleaseScriptingObjects (0ms)
			CreateAndSetChildDomain (38ms)
		EndReloadAssembly (945ms)
			LoadAssemblies (119ms)
			RebuildTransferFunctionScriptingTraits (0ms)
			SetupTypeCache (238ms)
			ReleaseScriptCaches (2ms)
			RebuildScriptCaches (75ms)
			SetupLoadedEditorAssemblies (475ms)
				LogAssemblyErrors (0ms)
				InitializePlatformSupportModulesInManaged (29ms)
				SetLoadedEditorAssemblies (1ms)
				RefreshPlugins (1ms)
				BeforeProcessingInitializeOnLoad (92ms)
				ProcessInitializeOnLoadAttributes (196ms)
				ProcessInitializeOnLoadMethodAttributes (142ms)
				AfterProcessingInitializeOnLoad (14ms)
				EditorAssembliesLoaded (0ms)
			ExecutionOrderSort2 (0ms)
			AwakeInstancesAfterBackupRestoration (8ms)
Platform modules already initialized, skipping
OnLevelWasLoaded was found on Cardboard
This message has been deprecated and will be removed in a later version of Unity.
Add a delegate to SceneManager.sceneLoaded instead to get notifications after scene loading has completed
Refreshing native plugins compatible for Editor in 5.20 ms, found 4 plugins.
Preloading 0 native plugins for Editor in 0.00 ms.
Unloading 2579 Unused Serialized files (Serialized files now loaded: 0)
Unloading 57 unused Assets / (1.2 MB). Loaded Objects now: 3123.
Memory consumption went from 113.9 MB to 112.6 MB.
Total: 5.590500 ms (FindLiveObjects: 0.207900 ms CreateObjectMapping: 0.111100 ms MarkObjects: 4.979300 ms  DeleteObjects: 0.291200 ms)

AssetImportParameters requested are different than current active one (requested -> active):
  custom:video-decoder-ogg-theora: a1e56fd34408186e4bbccfd4996cb3dc -> 
  custom:container-muxer-webm: aa71ff27fc2769a1b78a27578f13a17b -> 
  custom:container-demuxer-webm: 4f35f7cbe854078d1ac9338744f61a02 -> 
  custom:video-encoder-webm-vp8: eb34c28f22e8b96e1ab97ce403110664 -> 
  custom:audio-encoder-webm-vorbis: bf7c407c2cedff20999df2af8eb42d56 -> 
  custom:framework-win-MediaFoundation: 216162199b28c13a410421893ffa2e32 -> 
  custom:container-demuxer-ogg: 62fdf1f143b41e24485cea50d1cbac27 -> 
  custom:video-decoder-webm-vp8: 9c59270c3fd7afecdb556c50c9e8de78 -> 
  custom:audio-decoder-ogg-vorbis: bf7c407c2cedff20999df2af8eb42d56 -> 
========================================================================
Received Prepare
Registering precompiled user dll's ...
Registered in 0.006035 seconds.
OnLevelWasLoaded was found on Cardboard
This message has been deprecated and will be removed in a later version of Unity.
Add a delegate to SceneManager.sceneLoaded instead to get notifications after scene loading has completed
Begin MonoManager ReloadAssembly
Symbol file LoadedFromMemory is not a mono symbol file
OnLevelWasLoaded was found on Cardboard
This message has been deprecated and will be removed in a later version of Unity.
Add a delegate to SceneManager.sceneLoaded instead to get notifications after scene loading has completed
Native extension for WindowsStandalone target not found
Native extension for Android target not found
Refreshing native plugins compatible for Editor in 0.67 ms, found 4 plugins.
Preloading 0 native plugins for Editor in 0.00 ms.
Mono: successfully reloaded assembly
- Completed reload, in  1.174 seconds
Domain Reload Profiling:
	ReloadAssembly (1175ms)
		BeginReloadAssembly (155ms)
			ExecutionOrderSort (0ms)
			DisableScriptedObjects (8ms)
			BackupInstance (0ms)
			ReleaseScriptingObjects (0ms)
			CreateAndSetChildDomain (35ms)
		EndReloadAssembly (920ms)
			LoadAssemblies (113ms)
			RebuildTransferFunctionScriptingTraits (0ms)
			SetupTypeCache (235ms)
			ReleaseScriptCaches (2ms)
			RebuildScriptCaches (79ms)
			SetupLoadedEditorAssemblies (455ms)
				LogAssemblyErrors (0ms)
				InitializePlatformSupportModulesInManaged (26ms)
				SetLoadedEditorAssemblies (0ms)
				RefreshPlugins (1ms)
				BeforeProcessingInitializeOnLoad (82ms)
				ProcessInitializeOnLoadAttributes (201ms)
				ProcessInitializeOnLoadMethodAttributes (131ms)
				AfterProcessingInitializeOnLoad (13ms)
				EditorAssembliesLoaded (0ms)
			ExecutionOrderSort2 (0ms)
			AwakeInstancesAfterBackupRestoration (10ms)
Platform modules already initialized, skipping
OnLevelWasLoaded was found on Cardboard
This message has been deprecated and will be removed in a later version of Unity.
Add a delegate to SceneManager.sceneLoaded instead to get notifications after scene loading has completed
Refreshing native plugins compatible for Editor in 5.55 ms, found 4 plugins.
Preloading 0 native plugins for Editor in 0.00 ms.
Unloading 2579 Unused Serialized files (Serialized files now loaded: 0)
Unloading 57 unused Assets / (1.2 MB). Loaded Objects now: 3126.
Memory consumption went from 113.9 MB to 112.7 MB.
Total: 6.542700 ms (FindLiveObjects: 0.213200 ms CreateObjectMapping: 0.122900 ms MarkObjects: 6.007200 ms  DeleteObjects: 0.198500 ms)

AssetImportParameters requested are different than current active one (requested -> active):
  custom:video-decoder-ogg-theora: a1e56fd34408186e4bbccfd4996cb3dc -> 
  custom:container-muxer-webm: aa71ff27fc2769a1b78a27578f13a17b -> 
  custom:container-demuxer-webm: 4f35f7cbe854078d1ac9338744f61a02 -> 
  custom:video-encoder-webm-vp8: eb34c28f22e8b96e1ab97ce403110664 -> 
  custom:audio-encoder-webm-vorbis: bf7c407c2cedff20999df2af8eb42d56 -> 
  custom:framework-win-MediaFoundation: 216162199b28c13a410421893ffa2e32 -> 
  custom:container-demuxer-ogg: 62fdf1f143b41e24485cea50d1cbac27 -> 
  custom:video-decoder-webm-vp8: 9c59270c3fd7afecdb556c50c9e8de78 -> 
  custom:audio-decoder-ogg-vorbis: bf7c407c2cedff20999df2af8eb42d56 -> 
========================================================================
Received Prepare
Registering precompiled user dll's ...
Registered in 0.008233 seconds.
OnLevelWasLoaded was found on Cardboard
This message has been deprecated and will be removed in a later version of Unity.
Add a delegate to SceneManager.sceneLoaded instead to get notifications after scene loading has completed
Begin MonoManager ReloadAssembly
Symbol file LoadedFromMemory is not a mono symbol file
OnLevelWasLoaded was found on Cardboard
This message has been deprecated and will be removed in a later version of Unity.
Add a delegate to SceneManager.sceneLoaded instead to get notifications after scene loading has completed
Native extension for WindowsStandalone target not found
Native extension for Android target not found
Refreshing native plugins compatible for Editor in 0.64 ms, found 4 plugins.
Preloading 0 native plugins for Editor in 0.00 ms.
Mono: successfully reloaded assembly
- Completed reload, in  1.190 seconds
Domain Reload Profiling:
	ReloadAssembly (1190ms)
		BeginReloadAssembly (162ms)
			ExecutionOrderSort (0ms)
			DisableScriptedObjects (6ms)
			BackupInstance (0ms)
			ReleaseScriptingObjects (0ms)
			CreateAndSetChildDomain (36ms)
		EndReloadAssembly (919ms)
			LoadAssemblies (119ms)
			RebuildTransferFunctionScriptingTraits (0ms)
			SetupTypeCache (258ms)
			ReleaseScriptCaches (2ms)
			RebuildScriptCaches (75ms)
			SetupLoadedEditorAssemblies (443ms)
				LogAssemblyErrors (0ms)
				InitializePlatformSupportModulesInManaged (22ms)
				SetLoadedEditorAssemblies (0ms)
				RefreshPlugins (1ms)
				BeforeProcessingInitializeOnLoad (76ms)
				ProcessInitializeOnLoadAttributes (198ms)
				ProcessInitializeOnLoadMethodAttributes (132ms)
				AfterProcessingInitializeOnLoad (13ms)
				EditorAssembliesLoaded (0ms)
			ExecutionOrderSort2 (0ms)
			AwakeInstancesAfterBackupRestoration (8ms)
Platform modules already initialized, skipping
OnLevelWasLoaded was found on Cardboard
This message has been deprecated and will be removed in a later version of Unity.
Add a delegate to SceneManager.sceneLoaded instead to get notifications after scene loading has completed
Refreshing native plugins compatible for Editor in 4.86 ms, found 4 plugins.
Preloading 0 native plugins for Editor in 0.00 ms.
Unloading 2579 Unused Serialized files (Serialized files now loaded: 0)
Unloading 57 unused Assets / (1.2 MB). Loaded Objects now: 3129.
Memory consumption went from 113.9 MB to 112.7 MB.
Total: 6.344700 ms (FindLiveObjects: 0.213100 ms CreateObjectMapping: 0.103700 ms MarkObjects: 5.758500 ms  DeleteObjects: 0.268400 ms)

AssetImportParameters requested are different than current active one (requested -> active):
  custom:video-decoder-ogg-theora: a1e56fd34408186e4bbccfd4996cb3dc -> 
  custom:container-muxer-webm: aa71ff27fc2769a1b78a27578f13a17b -> 
  custom:container-demuxer-webm: 4f35f7cbe854078d1ac9338744f61a02 -> 
  custom:video-encoder-webm-vp8: eb34c28f22e8b96e1ab97ce403110664 -> 
  custom:audio-encoder-webm-vorbis: bf7c407c2cedff20999df2af8eb42d56 -> 
  custom:framework-win-MediaFoundation: 216162199b28c13a410421893ffa2e32 -> 
  custom:container-demuxer-ogg: 62fdf1f143b41e24485cea50d1cbac27 -> 
  custom:video-decoder-webm-vp8: 9c59270c3fd7afecdb556c50c9e8de78 -> 
  custom:audio-decoder-ogg-vorbis: bf7c407c2cedff20999df2af8eb42d56 -> 
========================================================================
Received Prepare
Registering precompiled user dll's ...
Registered in 0.006464 seconds.
OnLevelWasLoaded was found on Cardboard
This message has been deprecated and will be removed in a later version of Unity.
Add a delegate to SceneManager.sceneLoaded instead to get notifications after scene loading has completed
Begin MonoManager ReloadAssembly
Symbol file LoadedFromMemory is not a mono symbol file
OnLevelWasLoaded was found on Cardboard
This message has been deprecated and will be removed in a later version of Unity.
Add a delegate to SceneManager.sceneLoaded instead to get notifications after scene loading has completed
Native extension for WindowsStandalone target not found
Native extension for Android target not found
Refreshing native plugins compatible for Editor in 2.19 ms, found 4 plugins.
Preloading 0 native plugins for Editor in 0.00 ms.
Mono: successfully reloaded assembly
- Completed reload, in  1.262 seconds
Domain Reload Profiling:
	ReloadAssembly (1262ms)
		BeginReloadAssembly (169ms)
			ExecutionOrderSort (0ms)
			DisableScriptedObjects (6ms)
			BackupInstance (0ms)
			ReleaseScriptingObjects (0ms)
			CreateAndSetChildDomain (40ms)
		EndReloadAssembly (983ms)
			LoadAssemblies (118ms)
			RebuildTransferFunctionScriptingTraits (0ms)
			SetupTypeCache (238ms)
			ReleaseScriptCaches (2ms)
			RebuildScriptCaches (75ms)
			SetupLoadedEditorAssemblies (514ms)
				LogAssemblyErrors (0ms)
				InitializePlatformSupportModulesInManaged (38ms)
				SetLoadedEditorAssemblies (1ms)
				RefreshPlugins (2ms)
				BeforeProcessingInitializeOnLoad (88ms)
				ProcessInitializeOnLoadAttributes (228ms)
				ProcessInitializeOnLoadMethodAttributes (144ms)
				AfterProcessingInitializeOnLoad (13ms)
				EditorAssembliesLoaded (0ms)
			ExecutionOrderSort2 (0ms)
			AwakeInstancesAfterBackupRestoration (10ms)
Platform modules already initialized, skipping
OnLevelWasLoaded was found on Cardboard
This message has been deprecated and will be removed in a later version of Unity.
Add a delegate to SceneManager.sceneLoaded instead to get notifications after scene loading has completed
Refreshing native plugins compatible for Editor in 4.44 ms, found 4 plugins.
Preloading 0 native plugins for Editor in 0.00 ms.
Unloading 2579 Unused Serialized files (Serialized files now loaded: 0)
Unloading 57 unused Assets / (1.2 MB). Loaded Objects now: 3132.
Memory consumption went from 113.9 MB to 112.7 MB.
Total: 5.489000 ms (FindLiveObjects: 0.344000 ms CreateObjectMapping: 0.164300 ms MarkObjects: 4.789400 ms  DeleteObjects: 0.190300 ms)

AssetImportParameters requested are different than current active one (requested -> active):
  custom:video-decoder-ogg-theora: a1e56fd34408186e4bbccfd4996cb3dc -> 
  custom:container-muxer-webm: aa71ff27fc2769a1b78a27578f13a17b -> 
  custom:container-demuxer-webm: 4f35f7cbe854078d1ac9338744f61a02 -> 
  custom:video-encoder-webm-vp8: eb34c28f22e8b96e1ab97ce403110664 -> 
  custom:audio-encoder-webm-vorbis: bf7c407c2cedff20999df2af8eb42d56 -> 
  custom:framework-win-MediaFoundation: 216162199b28c13a410421893ffa2e32 -> 
  custom:container-demuxer-ogg: 62fdf1f143b41e24485cea50d1cbac27 -> 
  custom:video-decoder-webm-vp8: 9c59270c3fd7afecdb556c50c9e8de78 -> 
  custom:audio-decoder-ogg-vorbis: bf7c407c2cedff20999df2af8eb42d56 -> 
